#
# A fatal error has been detected by the Java Runtime Environment:
#
#  EXCEPTION_ACCESS_VIOLATION (0xc0000005) at pc=0x555ff604, pid=4260, tid=0x000010e4
#
# JRE version: OpenJDK Runtime Environment (8.0_152-b01) (build 1.8.0_152-release-915-b01)
# Java VM: OpenJDK Server VM (25.152-b01 mixed mode windows-x86 )
# Problematic frame:
# C  0x555ff604
#
# Failed to write core dump. Minidumps are not enabled by default on client versions of Windows
#
# If you would like to submit a bug report, please visit:
#   http://bugreport.java.com/bugreport/crash.jsp
# The crash happened outside the Java Virtual Machine in native code.
# See problematic frame for where to report the bug.
#

---------------  T H R E A D  ---------------

Current thread (0x530ba400):  JavaThread "Daemon worker Thread 2" [_thread_in_native, id=4324, stack(0x51b80000,0x51bd0000)]

siginfo: ExceptionCode=0xc0000005, writing address 0x00000004

Registers:
EAX=0x00000004, EBX=0x530ba530, ECX=0x00000000, EDX=0x520161ac
ESP=0x51bcd0b8, EBP=0x51bcd0e8, ESI=0x51bcd107, EDI=0x51fea630
EIP=0x555ff604, EFLAGS=0x00010202

Top of Stack: (sp=0x51bcd0b8)
0x51bcd0b8:   51bcd198 00000000 5d1acbb4 5d1acc7c
0x51bcd0c8:   559974d0 00000000 00000002 51911a54
0x51bcd0d8:   58478760 58478760 51bcd114 51bcd120
0x51bcd0e8:   51bcd148 6396753d 555ff6a8 51911660
0x51bcd0f8:   51911668 51911a54 000003ec 01ccbf17
0x51bcd108:   00000000 00000000 00000000 51bcd13c
0x51bcd118:   5cde0620 530ba400 00000006 00000008
0x51bcd128:   530ba400 58478758 58478760 58478760 

Instructions: (pc=0x555ff604)
0x555ff5e4:   00 00 00 80 16 05 00 00 00 00 00 00 00 00 00 00
0x555ff5f4:   00 00 00 00 00 00 00 00 00 00 00 00 74 ae 9b 4e
0x555ff604:   00 00 00 80 ee 04 00 00 1e 00 00 00 01 00 00 00
0x555ff614:   07 00 00 00 00 00 00 00 00 00 00 00 70 ae 9b 4e 


Register to memory mapping:

EAX=0x00000004 is an unknown value
EBX=0x530ba530 is an unknown value
ECX=0x00000000 is an unknown value
EDX=0x520161ac is an unknown value
ESP=0x51bcd0b8 is pointing into the stack for thread: 0x530ba400
EBP=0x51bcd0e8 is pointing into the stack for thread: 0x530ba400
ESI=0x51bcd107 is pointing into the stack for thread: 0x530ba400
EDI=0x51fea630 is an unknown value


Stack: [0x51b80000,0x51bd0000],  sp=0x51bcd0b8,  free space=308k
Native frames: (J=compiled Java code, j=interpreted, Vv=VM code, C=native code)
C  0x555ff604
C  [libaapt2_jni.dll+0x2753d]
j  com.android.tools.aapt2.Aapt2Jni.nativeCompile(Ljava/util/List;Lcom/android/tools/aapt2/Aapt2JniLogCallback;)I+0
j  com.android.tools.aapt2.Aapt2Jni.compile(Ljava/util/List;)Lcom/android/tools/aapt2/Aapt2Result;+6
j  com.android.builder.internal.aapt.v2.AaptV2Jni.lambda$compile$0(Lcom/android/ide/common/res2/CompileResourceRequest;)Ljava/io/File;+10
j  com.android.builder.internal.aapt.v2.AaptV2Jni$$Lambda$320.call()Ljava/lang/Object;+8
j  java.util.concurrent.ForkJoinTask$AdaptedCallable.exec()Z+5
j  java.util.concurrent.ForkJoinTask.doExec()I+10
j  java.util.concurrent.ForkJoinTask.externalInterruptibleAwaitDone()I+55
j  java.util.concurrent.ForkJoinTask.get()Ljava/lang/Object;+17
j  com.android.ide.common.res2.MergedResourceWriter.postWriteAction()V+635
j  com.android.ide.common.res2.MergeWriter.end()V+1
j  com.android.ide.common.res2.MergedResourceWriter.end()V+1
j  com.android.ide.common.res2.DataMerger.mergeData(Lcom/android/ide/common/res2/MergeConsumer;Z)V+575
j  com.android.ide.common.res2.ResourceMerger.mergeData(Lcom/android/ide/common/res2/MergeConsumer;Z)V+7
j  com.android.build.gradle.tasks.MergeResources.doFullTaskAction()V+201
j  com.android.build.gradle.internal.tasks.IncrementalTask.taskAction(Lorg/gradle/api/tasks/incremental/IncrementalTaskInputs;)V+33
v  ~StubRoutines::call_stub
V  [jvm.dll+0x152875]
V  [jvm.dll+0x21e2ce]
V  [jvm.dll+0x15290e]
V  [jvm.dll+0x15ece8]
V  [jvm.dll+0x15ef53]
V  [jvm.dll+0xf4c13]
C  [java.dll+0x3b63]
J 10137 C2 sun.reflect.NativeMethodAccessorImpl.invoke(Ljava/lang/Object;[Ljava/lang/Object;)Ljava/lang/Object; (104 bytes) @ 0x01d31770 [0x01d31720+0x50]
J 6947 C2 java.lang.reflect.Method.invoke(Ljava/lang/Object;[Ljava/lang/Object;)Ljava/lang/Object; (62 bytes) @ 0x02e233f8 [0x02e233a0+0x58]
J 2295 C1 org.gradle.internal.reflect.JavaMethod.invoke(Ljava/lang/Object;[Ljava/lang/Object;)Ljava/lang/Object; (74 bytes) @ 0x020287b9 [0x020286c0+0xf9]
j  org.gradle.api.internal.project.taskfactory.DefaultTaskClassInfoStore$IncrementalTaskAction.doExecute(Lorg/gradle/api/Task;Ljava/lang/String;)V+35
j  org.gradle.api.internal.project.taskfactory.DefaultTaskClassInfoStore$StandardTaskAction.execute(Lorg/gradle/api/Task;)V+32
j  org.gradle.api.internal.project.taskfactory.DefaultTaskClassInfoStore$StandardTaskAction.execute(Ljava/lang/Object;)V+5
j  org.gradle.api.internal.tasks.execution.ExecuteActionsTaskExecuter$1.run(Lorg/gradle/internal/operations/BuildOperationContext;)V+23
J 8072 C1 org.gradle.internal.progress.DefaultBuildOperationExecutor$RunnableBuildOperationWorker.execute(Lorg/gradle/internal/operations/BuildOperation;Lorg/gradle/internal/operations/BuildOperationContext;)V (10 bytes) @ 0x030cc23a [0x030cc040+0x1fa]
J 8065 C1 org.gradle.internal.progress.DefaultBuildOperationExecutor.execute(Lorg/gradle/internal/operations/BuildOperation;Lorg/gradle/internal/operations/BuildOperationWorker;Lorg/gradle/internal/progress/DefaultBuildOperationExecutor$DefaultBuildOperationState;)V (430 bytes) @ 0x030bf40a [0x030bd3e0+0x202a]
J 11188 C1 org.gradle.internal.progress.DefaultBuildOperationExecutor.run(Lorg/gradle/internal/operations/RunnableBuildOperation;)V (38 bytes) @ 0x037045f4 [0x03704360+0x294]
j  org.gradle.api.internal.tasks.execution.ExecuteActionsTaskExecuter.executeAction(Ljava/lang/String;Lorg/gradle/api/internal/TaskInternal;Lorg/gradle/api/internal/tasks/ContextAwareTaskAction;Lorg/gradle/api/internal/tasks/TaskExecutionContext;)V+23
j  org.gradle.api.internal.tasks.execution.ExecuteActionsTaskExecuter.executeActions(Lorg/gradle/api/internal/TaskInternal;Lorg/gradle/api/internal/tasks/TaskStateInternal;Lorg/gradle/api/internal/tasks/TaskExecutionContext;)Lorg/gradle/api/GradleException;+131
j  org.gradle.api.internal.tasks.execution.ExecuteActionsTaskExecuter.execute(Lorg/gradle/api/internal/TaskInternal;Lorg/gradle/api/internal/tasks/TaskStateInternal;Lorg/gradle/api/internal/tasks/TaskExecutionContext;)V+42
j  org.gradle.api.internal.tasks.execution.SkipUpToDateTaskExecuter.execute(Lorg/gradle/api/internal/TaskInternal;Lorg/gradle/api/internal/tasks/TaskStateInternal;Lorg/gradle/api/internal/tasks/TaskExecutionContext;)V+124
j  org.gradle.api.internal.tasks.execution.ResolveTaskOutputCachingStateExecuter.execute(Lorg/gradle/api/internal/TaskInternal;Lorg/gradle/api/internal/tasks/TaskStateInternal;Lorg/gradle/api/internal/tasks/TaskExecutionContext;)V+96
j  org.gradle.api.internal.tasks.execution.ValidatingTaskExecuter.execute(Lorg/gradle/api/internal/TaskInternal;Lorg/gradle/api/internal/tasks/TaskStateInternal;Lorg/gradle/api/internal/tasks/TaskExecutionContext;)V+215
j  org.gradle.api.internal.tasks.execution.SkipEmptySourceFilesTaskExecuter.execute(Lorg/gradle/api/internal/TaskInternal;Lorg/gradle/api/internal/tasks/TaskStateInternal;Lorg/gradle/api/internal/tasks/TaskExecutionContext;)V+335
j  org.gradle.api.internal.tasks.execution.ResolveTaskArtifactStateTaskExecuter.execute(Lorg/gradle/api/internal/TaskInternal;Lorg/gradle/api/internal/tasks/TaskStateInternal;Lorg/gradle/api/internal/tasks/TaskExecutionContext;)V+72
j  org.gradle.api.internal.tasks.execution.SkipTaskWithNoActionsExecuter.execute(Lorg/gradle/api/internal/TaskInternal;Lorg/gradle/api/internal/tasks/TaskStateInternal;Lorg/gradle/api/internal/tasks/TaskExecutionContext;)V+124
j  org.gradle.api.internal.tasks.execution.SkipOnlyIfTaskExecuter.execute(Lorg/gradle/api/internal/TaskInternal;Lorg/gradle/api/internal/tasks/TaskStateInternal;Lorg/gradle/api/internal/tasks/TaskExecutionContext;)V+85
j  org.gradle.api.internal.tasks.execution.ExecuteAtMostOnceTaskExecuter.execute(Lorg/gradle/api/internal/TaskInternal;Lorg/gradle/api/internal/tasks/TaskStateInternal;Lorg/gradle/api/internal/tasks/TaskExecutionContext;)V+26
j  org.gradle.api.internal.tasks.execution.CatchExceptionTaskExecuter.execute(Lorg/gradle/api/internal/TaskInternal;Lorg/gradle/api/internal/tasks/TaskStateInternal;Lorg/gradle/api/internal/tasks/TaskExecutionContext;)V+7
j  org.gradle.execution.taskgraph.DefaultTaskGraphExecuter$EventFiringTaskWorker$1.run(Lorg/gradle/internal/operations/BuildOperationContext;)V+56
J 8072 C1 org.gradle.internal.progress.DefaultBuildOperationExecutor$RunnableBuildOperationWorker.execute(Lorg/gradle/internal/operations/BuildOperation;Lorg/gradle/internal/operations/BuildOperationContext;)V (10 bytes) @ 0x030cc23a [0x030cc040+0x1fa]
J 8065 C1 org.gradle.internal.progress.DefaultBuildOperationExecutor.execute(Lorg/gradle/internal/operations/BuildOperation;Lorg/gradle/internal/operations/BuildOperationWorker;Lorg/gradle/internal/progress/DefaultBuildOperationExecutor$DefaultBuildOperationState;)V (430 bytes) @ 0x030bf40a [0x030bd3e0+0x202a]
J 11188 C1 org.gradle.internal.progress.DefaultBuildOperationExecutor.run(Lorg/gradle/internal/operations/RunnableBuildOperation;)V (38 bytes) @ 0x037045f4 [0x03704360+0x294]
j  org.gradle.execution.taskgraph.DefaultTaskGraphExecuter$EventFiringTaskWorker.execute(Lorg/gradle/api/internal/TaskInternal;)V+16
j  org.gradle.execution.taskgraph.DefaultTaskGraphExecuter$EventFiringTaskWorker.execute(Ljava/lang/Object;)V+5
j  org.gradle.execution.taskgraph.DefaultTaskPlanExecutor$TaskExecutorWorker.processTask(Lorg/gradle/execution/taskgraph/TaskInfo;)V+8
j  org.gradle.execution.taskgraph.DefaultTaskPlanExecutor$TaskExecutorWorker.access$200(Lorg/gradle/execution/taskgraph/DefaultTaskPlanExecutor$TaskExecutorWorker;Lorg/gradle/execution/taskgraph/TaskInfo;)V+2
j  org.gradle.execution.taskgraph.DefaultTaskPlanExecutor$TaskExecutorWorker$1.execute(Lorg/gradle/execution/taskgraph/TaskInfo;)V+38
j  org.gradle.execution.taskgraph.DefaultTaskPlanExecutor$TaskExecutorWorker$1.execute(Ljava/lang/Object;)V+5
j  org.gradle.execution.taskgraph.DefaultTaskExecutionPlan.execute(Lorg/gradle/execution/taskgraph/TaskInfo;Lorg/gradle/internal/work/WorkerLeaseRegistry$WorkerLease;Lorg/gradle/api/Action;)V+14
j  org.gradle.execution.taskgraph.DefaultTaskExecutionPlan.executeWithTask(Lorg/gradle/internal/work/WorkerLeaseRegistry$WorkerLease;Lorg/gradle/api/Action;)Z+53
j  org.gradle.execution.taskgraph.DefaultTaskPlanExecutor$TaskExecutorWorker.run()V+52
j  org.gradle.execution.taskgraph.DefaultTaskPlanExecutor.process(Lorg/gradle/execution/taskgraph/TaskExecutionPlan;Lorg/gradle/api/Action;)V+67
j  org.gradle.execution.taskgraph.DefaultTaskGraphExecuter.execute()V+61
j  org.gradle.execution.SelectedTaskExecutionAction.execute(Lorg/gradle/execution/BuildExecutionContext;)V+55
j  org.gradle.execution.DefaultBuildExecuter.execute(Lorg/gradle/api/internal/GradleInternal;I)V+37
j  org.gradle.execution.DefaultBuildExecuter.access$000(Lorg/gradle/execution/DefaultBuildExecuter;Lorg/gradle/api/internal/GradleInternal;I)V+3
j  org.gradle.execution.DefaultBuildExecuter$1.proceed()V+14
j  org.gradle.execution.DryRunBuildExecutionAction.execute(Lorg/gradle/execution/BuildExecutionContext;)V+121
j  org.gradle.execution.DefaultBuildExecuter.execute(Lorg/gradle/api/internal/GradleInternal;I)V+37
j  org.gradle.execution.DefaultBuildExecuter.execute(Lorg/gradle/api/internal/GradleInternal;)V+3
j  org.gradle.initialization.DefaultGradleLauncher$ExecuteTasks.run(Lorg/gradle/internal/operations/BuildOperationContext;)V+55
J 8072 C1 org.gradle.internal.progress.DefaultBuildOperationExecutor$RunnableBuildOperationWorker.execute(Lorg/gradle/internal/operations/BuildOperation;Lorg/gradle/internal/operations/BuildOperationContext;)V (10 bytes) @ 0x030cc23a [0x030cc040+0x1fa]
J 8065 C1 org.gradle.internal.progress.DefaultBuildOperationExecutor.execute(Lorg/gradle/internal/operations/BuildOperation;Lorg/gradle/internal/operations/BuildOperationWorker;Lorg/gradle/internal/progress/DefaultBuildOperationExecutor$DefaultBuildOperationState;)V (430 bytes) @ 0x030bf40a [0x030bd3e0+0x202a]
J 11188 C1 org.gradle.internal.progress.DefaultBuildOperationExecutor.run(Lorg/gradle/internal/operations/RunnableBuildOperation;)V (38 bytes) @ 0x037045f4 [0x03704360+0x294]
j  org.gradle.initialization.DefaultGradleLauncher.runTasks()V+53
j  org.gradle.initialization.DefaultGradleLauncher.doBuildStages(Lorg/gradle/initialization/DefaultGradleLauncher$Stage;)V+37
j  org.gradle.initialization.DefaultGradleLauncher.executeTasks()Lorg/gradle/api/internal/GradleInternal;+4
j  org.gradle.internal.invocation.GradleBuildController$1.call()Lorg/gradle/api/internal/GradleInternal;+7
j  org.gradle.internal.invocation.GradleBuildController$1.call()Ljava/lang/Object;+1
j  org.gradle.internal.work.DefaultWorkerLeaseService.withLocks(Ljava/lang/Iterable;Ljava/util/concurrent/Callable;)Ljava/lang/Object;+15
j  org.gradle.internal.invocation.GradleBuildController.doBuild(Ljava/util/concurrent/Callable;)Lorg/gradle/api/internal/GradleInternal;+52
j  org.gradle.internal.invocation.GradleBuildController.run()Lorg/gradle/api/internal/GradleInternal;+9
j  org.gradle.tooling.internal.provider.runner.BuildModelActionRunner.run(Lorg/gradle/internal/invocation/BuildAction;Lorg/gradle/internal/invocation/BuildController;)V+66
j  org.gradle.launcher.exec.ChainingBuildActionRunner.run(Lorg/gradle/internal/invocation/BuildAction;Lorg/gradle/internal/invocation/BuildController;)V+34
j  org.gradle.launcher.exec.ChainingBuildActionRunner.run(Lorg/gradle/internal/invocation/BuildAction;Lorg/gradle/internal/invocation/BuildController;)V+34
j  org.gradle.tooling.internal.provider.ValidatingBuildActionRunner.run(Lorg/gradle/internal/invocation/BuildAction;Lorg/gradle/internal/invocation/BuildController;)V+6
j  org.gradle.launcher.exec.RunAsBuildOperationBuildActionRunner$1.run(Lorg/gradle/internal/operations/BuildOperationContext;)V+15
J 8072 C1 org.gradle.internal.progress.DefaultBuildOperationExecutor$RunnableBuildOperationWorker.execute(Lorg/gradle/internal/operations/BuildOperation;Lorg/gradle/internal/operations/BuildOperationContext;)V (10 bytes) @ 0x030cc23a [0x030cc040+0x1fa]
J 8065 C1 org.gradle.internal.progress.DefaultBuildOperationExecutor.execute(Lorg/gradle/internal/operations/BuildOperation;Lorg/gradle/internal/operations/BuildOperationWorker;Lorg/gradle/internal/progress/DefaultBuildOperationExecutor$DefaultBuildOperationState;)V (430 bytes) @ 0x030bf40a [0x030bd3e0+0x202a]
J 11188 C1 org.gradle.internal.progress.DefaultBuildOperationExecutor.run(Lorg/gradle/internal/operations/RunnableBuildOperation;)V (38 bytes) @ 0x037045f4 [0x03704360+0x294]
j  org.gradle.launcher.exec.RunAsBuildOperationBuildActionRunner.run(Lorg/gradle/internal/invocation/BuildAction;Lorg/gradle/internal/invocation/BuildController;)V+34
j  org.gradle.tooling.internal.provider.SubscribableBuildActionRunner.run(Lorg/gradle/internal/invocation/BuildAction;Lorg/gradle/internal/invocation/BuildController;)V+40
j  org.gradle.launcher.exec.InProcessBuildActionExecuter.execute(Lorg/gradle/internal/invocation/BuildAction;Lorg/gradle/initialization/BuildRequestContext;Lorg/gradle/launcher/exec/BuildActionParameters;Lorg/gradle/internal/service/ServiceRegistry;)Ljava/lang/Object;+71
j  org.gradle.launcher.exec.InProcessBuildActionExecuter.execute(Lorg/gradle/internal/invocation/BuildAction;Lorg/gradle/initialization/BuildRequestContext;Ljava/lang/Object;Lorg/gradle/internal/service/ServiceRegistry;)Ljava/lang/Object;+9
j  org.gradle.launcher.exec.BuildTreeScopeBuildActionExecuter.execute(Lorg/gradle/internal/invocation/BuildAction;Lorg/gradle/initialization/BuildRequestContext;Lorg/gradle/launcher/exec/BuildActionParameters;Lorg/gradle/internal/service/ServiceRegistry;)Ljava/lang/Object;+41
j  org.gradle.launcher.exec.BuildTreeScopeBuildActionExecuter.execute(Lorg/gradle/internal/invocation/BuildAction;Lorg/gradle/initialization/BuildRequestContext;Ljava/lang/Object;Lorg/gradle/internal/service/ServiceRegistry;)Ljava/lang/Object;+9
j  org.gradle.tooling.internal.provider.ContinuousBuildActionExecuter.execute(Lorg/gradle/internal/invocation/BuildAction;Lorg/gradle/initialization/BuildRequestContext;Lorg/gradle/launcher/exec/BuildActionParameters;Lorg/gradle/internal/service/ServiceRegistry;)Ljava/lang/Object;+28
j  org.gradle.tooling.internal.provider.ContinuousBuildActionExecuter.execute(Lorg/gradle/internal/invocation/BuildAction;Lorg/gradle/initialization/BuildRequestContext;Ljava/lang/Object;Lorg/gradle/internal/service/ServiceRegistry;)Ljava/lang/Object;+9
j  org.gradle.tooling.internal.provider.ServicesSetupBuildActionExecuter.execute(Lorg/gradle/internal/invocation/BuildAction;Lorg/gradle/initialization/BuildRequestContext;Lorg/gradle/launcher/exec/BuildActionParameters;Lorg/gradle/internal/service/ServiceRegistry;)Ljava/lang/Object;+85
j  org.gradle.tooling.internal.provider.ServicesSetupBuildActionExecuter.execute(Lorg/gradle/internal/invocation/BuildAction;Lorg/gradle/initialization/BuildRequestContext;Ljava/lang/Object;Lorg/gradle/internal/service/ServiceRegistry;)Ljava/lang/Object;+9
j  org.gradle.tooling.internal.provider.GradleThreadBuildActionExecuter.execute(Lorg/gradle/internal/invocation/BuildAction;Lorg/gradle/initialization/BuildRequestContext;Lorg/gradle/launcher/exec/BuildActionParameters;Lorg/gradle/internal/service/ServiceRegistry;)Ljava/lang/Object;+12
...<more frames>...

Java frames: (J=compiled Java code, j=interpreted, Vv=VM code)
j  com.android.tools.aapt2.Aapt2Jni.nativeCompile(Ljava/util/List;Lcom/android/tools/aapt2/Aapt2JniLogCallback;)I+0
j  com.android.tools.aapt2.Aapt2Jni.compile(Ljava/util/List;)Lcom/android/tools/aapt2/Aapt2Result;+6
j  com.android.builder.internal.aapt.v2.AaptV2Jni.lambda$compile$0(Lcom/android/ide/common/res2/CompileResourceRequest;)Ljava/io/File;+10
j  com.android.builder.internal.aapt.v2.AaptV2Jni$$Lambda$320.call()Ljava/lang/Object;+8
j  java.util.concurrent.ForkJoinTask$AdaptedCallable.exec()Z+5
j  java.util.concurrent.ForkJoinTask.doExec()I+10
j  java.util.concurrent.ForkJoinTask.externalInterruptibleAwaitDone()I+55
j  java.util.concurrent.ForkJoinTask.get()Ljava/lang/Object;+17
j  com.android.ide.common.res2.MergedResourceWriter.postWriteAction()V+635
j  com.android.ide.common.res2.MergeWriter.end()V+1
j  com.android.ide.common.res2.MergedResourceWriter.end()V+1
j  com.android.ide.common.res2.DataMerger.mergeData(Lcom/android/ide/common/res2/MergeConsumer;Z)V+575
j  com.android.ide.common.res2.ResourceMerger.mergeData(Lcom/android/ide/common/res2/MergeConsumer;Z)V+7
j  com.android.build.gradle.tasks.MergeResources.doFullTaskAction()V+201
j  com.android.build.gradle.internal.tasks.IncrementalTask.taskAction(Lorg/gradle/api/tasks/incremental/IncrementalTaskInputs;)V+33
v  ~StubRoutines::call_stub
J 1568  sun.reflect.NativeMethodAccessorImpl.invoke0(Ljava/lang/reflect/Method;Ljava/lang/Object;[Ljava/lang/Object;)Ljava/lang/Object; (0 bytes) @ 0x01d4a61d [0x01d4a5a0+0x7d]
J 10137 C2 sun.reflect.NativeMethodAccessorImpl.invoke(Ljava/lang/Object;[Ljava/lang/Object;)Ljava/lang/Object; (104 bytes) @ 0x01d31770 [0x01d31720+0x50]
J 6947 C2 java.lang.reflect.Method.invoke(Ljava/lang/Object;[Ljava/lang/Object;)Ljava/lang/Object; (62 bytes) @ 0x02e233f8 [0x02e233a0+0x58]
J 2295 C1 org.gradle.internal.reflect.JavaMethod.invoke(Ljava/lang/Object;[Ljava/lang/Object;)Ljava/lang/Object; (74 bytes) @ 0x020287b9 [0x020286c0+0xf9]
j  org.gradle.api.internal.project.taskfactory.DefaultTaskClassInfoStore$IncrementalTaskAction.doExecute(Lorg/gradle/api/Task;Ljava/lang/String;)V+35
j  org.gradle.api.internal.project.taskfactory.DefaultTaskClassInfoStore$StandardTaskAction.execute(Lorg/gradle/api/Task;)V+32
j  org.gradle.api.internal.project.taskfactory.DefaultTaskClassInfoStore$StandardTaskAction.execute(Ljava/lang/Object;)V+5
j  org.gradle.api.internal.tasks.execution.ExecuteActionsTaskExecuter$1.run(Lorg/gradle/internal/operations/BuildOperationContext;)V+23
J 8072 C1 org.gradle.internal.progress.DefaultBuildOperationExecutor$RunnableBuildOperationWorker.execute(Lorg/gradle/internal/operations/BuildOperation;Lorg/gradle/internal/operations/BuildOperationContext;)V (10 bytes) @ 0x030cc23a [0x030cc040+0x1fa]
J 8065 C1 org.gradle.internal.progress.DefaultBuildOperationExecutor.execute(Lorg/gradle/internal/operations/BuildOperation;Lorg/gradle/internal/operations/BuildOperationWorker;Lorg/gradle/internal/progress/DefaultBuildOperationExecutor$DefaultBuildOperationState;)V (430 bytes) @ 0x030bf40a [0x030bd3e0+0x202a]
J 11188 C1 org.gradle.internal.progress.DefaultBuildOperationExecutor.run(Lorg/gradle/internal/operations/RunnableBuildOperation;)V (38 bytes) @ 0x037045f4 [0x03704360+0x294]
j  org.gradle.api.internal.tasks.execution.ExecuteActionsTaskExecuter.executeAction(Ljava/lang/String;Lorg/gradle/api/internal/TaskInternal;Lorg/gradle/api/internal/tasks/ContextAwareTaskAction;Lorg/gradle/api/internal/tasks/TaskExecutionContext;)V+23
j  org.gradle.api.internal.tasks.execution.ExecuteActionsTaskExecuter.executeActions(Lorg/gradle/api/internal/TaskInternal;Lorg/gradle/api/internal/tasks/TaskStateInternal;Lorg/gradle/api/internal/tasks/TaskExecutionContext;)Lorg/gradle/api/GradleException;+131
j  org.gradle.api.internal.tasks.execution.ExecuteActionsTaskExecuter.execute(Lorg/gradle/api/internal/TaskInternal;Lorg/gradle/api/internal/tasks/TaskStateInternal;Lorg/gradle/api/internal/tasks/TaskExecutionContext;)V+42
j  org.gradle.api.internal.tasks.execution.SkipUpToDateTaskExecuter.execute(Lorg/gradle/api/internal/TaskInternal;Lorg/gradle/api/internal/tasks/TaskStateInternal;Lorg/gradle/api/internal/tasks/TaskExecutionContext;)V+124
j  org.gradle.api.internal.tasks.execution.ResolveTaskOutputCachingStateExecuter.execute(Lorg/gradle/api/internal/TaskInternal;Lorg/gradle/api/internal/tasks/TaskStateInternal;Lorg/gradle/api/internal/tasks/TaskExecutionContext;)V+96
j  org.gradle.api.internal.tasks.execution.ValidatingTaskExecuter.execute(Lorg/gradle/api/internal/TaskInternal;Lorg/gradle/api/internal/tasks/TaskStateInternal;Lorg/gradle/api/internal/tasks/TaskExecutionContext;)V+215
j  org.gradle.api.internal.tasks.execution.SkipEmptySourceFilesTaskExecuter.execute(Lorg/gradle/api/internal/TaskInternal;Lorg/gradle/api/internal/tasks/TaskStateInternal;Lorg/gradle/api/internal/tasks/TaskExecutionContext;)V+335
j  org.gradle.api.internal.tasks.execution.ResolveTaskArtifactStateTaskExecuter.execute(Lorg/gradle/api/internal/TaskInternal;Lorg/gradle/api/internal/tasks/TaskStateInternal;Lorg/gradle/api/internal/tasks/TaskExecutionContext;)V+72
j  org.gradle.api.internal.tasks.execution.SkipTaskWithNoActionsExecuter.execute(Lorg/gradle/api/internal/TaskInternal;Lorg/gradle/api/internal/tasks/TaskStateInternal;Lorg/gradle/api/internal/tasks/TaskExecutionContext;)V+124
j  org.gradle.api.internal.tasks.execution.SkipOnlyIfTaskExecuter.execute(Lorg/gradle/api/internal/TaskInternal;Lorg/gradle/api/internal/tasks/TaskStateInternal;Lorg/gradle/api/internal/tasks/TaskExecutionContext;)V+85
j  org.gradle.api.internal.tasks.execution.ExecuteAtMostOnceTaskExecuter.execute(Lorg/gradle/api/internal/TaskInternal;Lorg/gradle/api/internal/tasks/TaskStateInternal;Lorg/gradle/api/internal/tasks/TaskExecutionContext;)V+26
j  org.gradle.api.internal.tasks.execution.CatchExceptionTaskExecuter.execute(Lorg/gradle/api/internal/TaskInternal;Lorg/gradle/api/internal/tasks/TaskStateInternal;Lorg/gradle/api/internal/tasks/TaskExecutionContext;)V+7
j  org.gradle.execution.taskgraph.DefaultTaskGraphExecuter$EventFiringTaskWorker$1.run(Lorg/gradle/internal/operations/BuildOperationContext;)V+56
J 8072 C1 org.gradle.internal.progress.DefaultBuildOperationExecutor$RunnableBuildOperationWorker.execute(Lorg/gradle/internal/operations/BuildOperation;Lorg/gradle/internal/operations/BuildOperationContext;)V (10 bytes) @ 0x030cc23a [0x030cc040+0x1fa]
J 8065 C1 org.gradle.internal.progress.DefaultBuildOperationExecutor.execute(Lorg/gradle/internal/operations/BuildOperation;Lorg/gradle/internal/operations/BuildOperationWorker;Lorg/gradle/internal/progress/DefaultBuildOperationExecutor$DefaultBuildOperationState;)V (430 bytes) @ 0x030bf40a [0x030bd3e0+0x202a]
J 11188 C1 org.gradle.internal.progress.DefaultBuildOperationExecutor.run(Lorg/gradle/internal/operations/RunnableBuildOperation;)V (38 bytes) @ 0x037045f4 [0x03704360+0x294]
j  org.gradle.execution.taskgraph.DefaultTaskGraphExecuter$EventFiringTaskWorker.execute(Lorg/gradle/api/internal/TaskInternal;)V+16
j  org.gradle.execution.taskgraph.DefaultTaskGraphExecuter$EventFiringTaskWorker.execute(Ljava/lang/Object;)V+5
j  org.gradle.execution.taskgraph.DefaultTaskPlanExecutor$TaskExecutorWorker.processTask(Lorg/gradle/execution/taskgraph/TaskInfo;)V+8
j  org.gradle.execution.taskgraph.DefaultTaskPlanExecutor$TaskExecutorWorker.access$200(Lorg/gradle/execution/taskgraph/DefaultTaskPlanExecutor$TaskExecutorWorker;Lorg/gradle/execution/taskgraph/TaskInfo;)V+2
j  org.gradle.execution.taskgraph.DefaultTaskPlanExecutor$TaskExecutorWorker$1.execute(Lorg/gradle/execution/taskgraph/TaskInfo;)V+38
j  org.gradle.execution.taskgraph.DefaultTaskPlanExecutor$TaskExecutorWorker$1.execute(Ljava/lang/Object;)V+5
j  org.gradle.execution.taskgraph.DefaultTaskExecutionPlan.execute(Lorg/gradle/execution/taskgraph/TaskInfo;Lorg/gradle/internal/work/WorkerLeaseRegistry$WorkerLease;Lorg/gradle/api/Action;)V+14
j  org.gradle.execution.taskgraph.DefaultTaskExecutionPlan.executeWithTask(Lorg/gradle/internal/work/WorkerLeaseRegistry$WorkerLease;Lorg/gradle/api/Action;)Z+53
j  org.gradle.execution.taskgraph.DefaultTaskPlanExecutor$TaskExecutorWorker.run()V+52
j  org.gradle.execution.taskgraph.DefaultTaskPlanExecutor.process(Lorg/gradle/execution/taskgraph/TaskExecutionPlan;Lorg/gradle/api/Action;)V+67
j  org.gradle.execution.taskgraph.DefaultTaskGraphExecuter.execute()V+61
j  org.gradle.execution.SelectedTaskExecutionAction.execute(Lorg/gradle/execution/BuildExecutionContext;)V+55
j  org.gradle.execution.DefaultBuildExecuter.execute(Lorg/gradle/api/internal/GradleInternal;I)V+37
j  org.gradle.execution.DefaultBuildExecuter.access$000(Lorg/gradle/execution/DefaultBuildExecuter;Lorg/gradle/api/internal/GradleInternal;I)V+3
j  org.gradle.execution.DefaultBuildExecuter$1.proceed()V+14
j  org.gradle.execution.DryRunBuildExecutionAction.execute(Lorg/gradle/execution/BuildExecutionContext;)V+121
j  org.gradle.execution.DefaultBuildExecuter.execute(Lorg/gradle/api/internal/GradleInternal;I)V+37
j  org.gradle.execution.DefaultBuildExecuter.execute(Lorg/gradle/api/internal/GradleInternal;)V+3
j  org.gradle.initialization.DefaultGradleLauncher$ExecuteTasks.run(Lorg/gradle/internal/operations/BuildOperationContext;)V+55
J 8072 C1 org.gradle.internal.progress.DefaultBuildOperationExecutor$RunnableBuildOperationWorker.execute(Lorg/gradle/internal/operations/BuildOperation;Lorg/gradle/internal/operations/BuildOperationContext;)V (10 bytes) @ 0x030cc23a [0x030cc040+0x1fa]
J 8065 C1 org.gradle.internal.progress.DefaultBuildOperationExecutor.execute(Lorg/gradle/internal/operations/BuildOperation;Lorg/gradle/internal/operations/BuildOperationWorker;Lorg/gradle/internal/progress/DefaultBuildOperationExecutor$DefaultBuildOperationState;)V (430 bytes) @ 0x030bf40a [0x030bd3e0+0x202a]
J 11188 C1 org.gradle.internal.progress.DefaultBuildOperationExecutor.run(Lorg/gradle/internal/operations/RunnableBuildOperation;)V (38 bytes) @ 0x037045f4 [0x03704360+0x294]
j  org.gradle.initialization.DefaultGradleLauncher.runTasks()V+53
j  org.gradle.initialization.DefaultGradleLauncher.doBuildStages(Lorg/gradle/initialization/DefaultGradleLauncher$Stage;)V+37
j  org.gradle.initialization.DefaultGradleLauncher.executeTasks()Lorg/gradle/api/internal/GradleInternal;+4
j  org.gradle.internal.invocation.GradleBuildController$1.call()Lorg/gradle/api/internal/GradleInternal;+7
j  org.gradle.internal.invocation.GradleBuildController$1.call()Ljava/lang/Object;+1
j  org.gradle.internal.work.DefaultWorkerLeaseService.withLocks(Ljava/lang/Iterable;Ljava/util/concurrent/Callable;)Ljava/lang/Object;+15
j  org.gradle.internal.invocation.GradleBuildController.doBuild(Ljava/util/concurrent/Callable;)Lorg/gradle/api/internal/GradleInternal;+52
j  org.gradle.internal.invocation.GradleBuildController.run()Lorg/gradle/api/internal/GradleInternal;+9
j  org.gradle.tooling.internal.provider.runner.BuildModelActionRunner.run(Lorg/gradle/internal/invocation/BuildAction;Lorg/gradle/internal/invocation/BuildController;)V+66
j  org.gradle.launcher.exec.ChainingBuildActionRunner.run(Lorg/gradle/internal/invocation/BuildAction;Lorg/gradle/internal/invocation/BuildController;)V+34
j  org.gradle.launcher.exec.ChainingBuildActionRunner.run(Lorg/gradle/internal/invocation/BuildAction;Lorg/gradle/internal/invocation/BuildController;)V+34
j  org.gradle.tooling.internal.provider.ValidatingBuildActionRunner.run(Lorg/gradle/internal/invocation/BuildAction;Lorg/gradle/internal/invocation/BuildController;)V+6
j  org.gradle.launcher.exec.RunAsBuildOperationBuildActionRunner$1.run(Lorg/gradle/internal/operations/BuildOperationContext;)V+15
J 8072 C1 org.gradle.internal.progress.DefaultBuildOperationExecutor$RunnableBuildOperationWorker.execute(Lorg/gradle/internal/operations/BuildOperation;Lorg/gradle/internal/operations/BuildOperationContext;)V (10 bytes) @ 0x030cc23a [0x030cc040+0x1fa]
J 8065 C1 org.gradle.internal.progress.DefaultBuildOperationExecutor.execute(Lorg/gradle/internal/operations/BuildOperation;Lorg/gradle/internal/operations/BuildOperationWorker;Lorg/gradle/internal/progress/DefaultBuildOperationExecutor$DefaultBuildOperationState;)V (430 bytes) @ 0x030bf40a [0x030bd3e0+0x202a]
J 11188 C1 org.gradle.internal.progress.DefaultBuildOperationExecutor.run(Lorg/gradle/internal/operations/RunnableBuildOperation;)V (38 bytes) @ 0x037045f4 [0x03704360+0x294]
j  org.gradle.launcher.exec.RunAsBuildOperationBuildActionRunner.run(Lorg/gradle/internal/invocation/BuildAction;Lorg/gradle/internal/invocation/BuildController;)V+34
j  org.gradle.tooling.internal.provider.SubscribableBuildActionRunner.run(Lorg/gradle/internal/invocation/BuildAction;Lorg/gradle/internal/invocation/BuildController;)V+40
j  org.gradle.launcher.exec.InProcessBuildActionExecuter.execute(Lorg/gradle/internal/invocation/BuildAction;Lorg/gradle/initialization/BuildRequestContext;Lorg/gradle/launcher/exec/BuildActionParameters;Lorg/gradle/internal/service/ServiceRegistry;)Ljava/lang/Object;+71
j  org.gradle.launcher.exec.InProcessBuildActionExecuter.execute(Lorg/gradle/internal/invocation/BuildAction;Lorg/gradle/initialization/BuildRequestContext;Ljava/lang/Object;Lorg/gradle/internal/service/ServiceRegistry;)Ljava/lang/Object;+9
j  org.gradle.launcher.exec.BuildTreeScopeBuildActionExecuter.execute(Lorg/gradle/internal/invocation/BuildAction;Lorg/gradle/initialization/BuildRequestContext;Lorg/gradle/launcher/exec/BuildActionParameters;Lorg/gradle/internal/service/ServiceRegistry;)Ljava/lang/Object;+41
j  org.gradle.launcher.exec.BuildTreeScopeBuildActionExecuter.execute(Lorg/gradle/internal/invocation/BuildAction;Lorg/gradle/initialization/BuildRequestContext;Ljava/lang/Object;Lorg/gradle/internal/service/ServiceRegistry;)Ljava/lang/Object;+9
j  org.gradle.tooling.internal.provider.ContinuousBuildActionExecuter.execute(Lorg/gradle/internal/invocation/BuildAction;Lorg/gradle/initialization/BuildRequestContext;Lorg/gradle/launcher/exec/BuildActionParameters;Lorg/gradle/internal/service/ServiceRegistry;)Ljava/lang/Object;+28
j  org.gradle.tooling.internal.provider.ContinuousBuildActionExecuter.execute(Lorg/gradle/internal/invocation/BuildAction;Lorg/gradle/initialization/BuildRequestContext;Ljava/lang/Object;Lorg/gradle/internal/service/ServiceRegistry;)Ljava/lang/Object;+9
j  org.gradle.tooling.internal.provider.ServicesSetupBuildActionExecuter.execute(Lorg/gradle/internal/invocation/BuildAction;Lorg/gradle/initialization/BuildRequestContext;Lorg/gradle/launcher/exec/BuildActionParameters;Lorg/gradle/internal/service/ServiceRegistry;)Ljava/lang/Object;+85
j  org.gradle.tooling.internal.provider.ServicesSetupBuildActionExecuter.execute(Lorg/gradle/internal/invocation/BuildAction;Lorg/gradle/initialization/BuildRequestContext;Ljava/lang/Object;Lorg/gradle/internal/service/ServiceRegistry;)Ljava/lang/Object;+9
j  org.gradle.tooling.internal.provider.GradleThreadBuildActionExecuter.execute(Lorg/gradle/internal/invocation/BuildAction;Lorg/gradle/initialization/BuildRequestContext;Lorg/gradle/launcher/exec/BuildActionParameters;Lorg/gradle/internal/service/ServiceRegistry;)Ljava/lang/Object;+12
j  org.gradle.tooling.internal.provider.GradleThreadBuildActionExecuter.execute(Lorg/gradle/internal/invocation/BuildAction;Lorg/gradle/initialization/BuildRequestContext;Ljava/lang/Object;Lorg/gradle/internal/service/ServiceRegistry;)Ljava/lang/Object;+9
j  org.gradle.tooling.internal.provider.ParallelismConfigurationBuildActionExecuter.execute(Lorg/gradle/internal/invocation/BuildAction;Lorg/gradle/initialization/BuildRequestContext;Lorg/gradle/launcher/exec/BuildActionParameters;Lorg/gradle/internal/service/ServiceRegistry;)Ljava/lang/Object;+43
j  org.gradle.tooling.internal.provider.ParallelismConfigurationBuildActionExecuter.execute(Lorg/gradle/internal/invocation/BuildAction;Lorg/gradle/initialization/BuildRequestContext;Ljava/lang/Object;Lorg/gradle/internal/service/ServiceRegistry;)Ljava/lang/Object;+9
j  org.gradle.tooling.internal.provider.StartParamsValidatingActionExecuter.execute(Lorg/gradle/internal/invocation/BuildAction;Lorg/gradle/initialization/BuildRequestContext;Lorg/gradle/launcher/exec/BuildActionParameters;Lorg/gradle/internal/service/ServiceRegistry;)Ljava/lang/Object;+257
j  org.gradle.tooling.internal.provider.StartParamsValidatingActionExecuter.execute(Lorg/gradle/internal/invocation/BuildAction;Lorg/gradle/initialization/BuildRequestContext;Ljava/lang/Object;Lorg/gradle/internal/service/ServiceRegistry;)Ljava/lang/Object;+9
j  org.gradle.tooling.internal.provider.SessionFailureReportingActionExecuter.execute(Lorg/gradle/internal/invocation/BuildAction;Lorg/gradle/initialization/BuildRequestContext;Lorg/gradle/launcher/exec/BuildActionParameters;Lorg/gradle/internal/service/ServiceRegistry;)Ljava/lang/Object;+9
j  org.gradle.tooling.internal.provider.SessionFailureReportingActionExecuter.execute(Lorg/gradle/internal/invocation/BuildAction;Lorg/gradle/initialization/BuildRequestContext;Ljava/lang/Object;Lorg/gradle/internal/service/ServiceRegistry;)Ljava/lang/Object;+9
j  org.gradle.tooling.internal.provider.SetupLoggingActionExecuter.execute(Lorg/gradle/internal/invocation/BuildAction;Lorg/gradle/initialization/BuildRequestContext;Lorg/gradle/launcher/exec/BuildActionParameters;Lorg/gradle/internal/service/ServiceRegistry;)Ljava/lang/Object;+69
j  org.gradle.tooling.internal.provider.SetupLoggingActionExecuter.execute(Lorg/gradle/internal/invocation/BuildAction;Lorg/gradle/initialization/BuildRequestContext;Ljava/lang/Object;Lorg/gradle/internal/service/ServiceRegistry;)Ljava/lang/Object;+9
j  org.gradle.launcher.daemon.server.exec.ExecuteBuild.doBuild(Lorg/gradle/launcher/daemon/server/api/DaemonCommandExecution;Lorg/gradle/launcher/daemon/protocol/Build;)V+114
j  org.gradle.launcher.daemon.server.exec.BuildCommandOnly.execute(Lorg/gradle/launcher/daemon/server/api/DaemonCommandExecution;)V+49
j  org.gradle.launcher.daemon.server.api.DaemonCommandExecution.proceed()Z+28
j  org.gradle.launcher.daemon.server.exec.WatchForDisconnection.execute(Lorg/gradle/launcher/daemon/server/api/DaemonCommandExecution;)V+19
j  org.gradle.launcher.daemon.server.api.DaemonCommandExecution.proceed()Z+28
j  org.gradle.launcher.daemon.server.exec.ResetDeprecationLogger.execute(Lorg/gradle/launcher/daemon/server/api/DaemonCommandExecution;)V+4
j  org.gradle.launcher.daemon.server.api.DaemonCommandExecution.proceed()Z+28
j  org.gradle.launcher.daemon.server.exec.RequestStopIfSingleUsedDaemon.execute(Lorg/gradle/launcher/daemon/server/api/DaemonCommandExecution;)V+33
j  org.gradle.launcher.daemon.server.api.DaemonCommandExecution.proceed()Z+28
j  org.gradle.launcher.daemon.server.exec.ForwardClientInput$2.call()Ljava/lang/Void;+4
j  org.gradle.launcher.daemon.server.exec.ForwardClientInput$2.call()Ljava/lang/Object;+1
j  org.gradle.util.Swapper.swap(Ljava/lang/Object;Ljava/util/concurrent/Callable;)Ljava/lang/Object;+21
j  org.gradle.launcher.daemon.server.exec.ForwardClientInput.execute(Lorg/gradle/launcher/daemon/server/api/DaemonCommandExecution;)V+63
j  org.gradle.launcher.daemon.server.api.DaemonCommandExecution.proceed()Z+28
j  org.gradle.launcher.daemon.server.exec.LogAndCheckHealth.execute(Lorg/gradle/launcher/daemon/server/api/DaemonCommandExecution;)V+28
j  org.gradle.launcher.daemon.server.api.DaemonCommandExecution.proceed()Z+28
j  org.gradle.launcher.daemon.server.exec.LogToClient.doBuild(Lorg/gradle/launcher/daemon/server/api/DaemonCommandExecution;Lorg/gradle/launcher/daemon/protocol/Build;)V+87
j  org.gradle.launcher.daemon.server.exec.BuildCommandOnly.execute(Lorg/gradle/launcher/daemon/server/api/DaemonCommandExecution;)V+49
j  org.gradle.launcher.daemon.server.api.DaemonCommandExecution.proceed()Z+28
j  org.gradle.launcher.daemon.server.exec.EstablishBuildEnvironment.doBuild(Lorg/gradle/launcher/daemon/server/api/DaemonCommandExecution;Lorg/gradle/launcher/daemon/protocol/Build;)V+365
j  org.gradle.launcher.daemon.server.exec.BuildCommandOnly.execute(Lorg/gradle/launcher/daemon/server/api/DaemonCommandExecution;)V+49
j  org.gradle.launcher.daemon.server.api.DaemonCommandExecution.proceed()Z+28
j  org.gradle.launcher.daemon.server.exec.StartBuildOrRespondWithBusy$1.run()V+44
j  org.gradle.launcher.daemon.server.DaemonStateCoordinator$1.run()V+4
J 3765 C1 org.gradle.internal.concurrent.ExecutorPolicy$CatchAndRecordFailures.onExecute(Ljava/lang/Runnable;)V (29 bytes) @ 0x026f1287 [0x026f11a0+0xe7]
j  org.gradle.internal.concurrent.ManagedExecutorImpl$1.run()V+25
j  java.util.concurrent.ThreadPoolExecutor.runWorker(Ljava/util/concurrent/ThreadPoolExecutor$Worker;)V+95
j  java.util.concurrent.ThreadPoolExecutor$Worker.run()V+5
j  org.gradle.internal.concurrent.ThreadFactoryImpl$ManagedThreadRunnable.run()V+7
j  java.lang.Thread.run()V+11
v  ~StubRoutines::call_stub

---------------  P R O C E S S  ---------------

Java Threads: ( => current thread )
  0x55227000 JavaThread "ForkJoinPool.commonPool-worker-1" daemon [_thread_blocked, id=4580, stack(0x58df0000,0x58e40000)]
  0x55226800 JavaThread "Worker Daemon Execution Thread 7" [_thread_in_native, id=3896, stack(0x58c50000,0x58ca0000)]
  0x55226000 JavaThread "Worker Daemon Execution Thread 6" [_thread_blocked, id=3020, stack(0x58390000,0x583e0000)]
  0x530be800 JavaThread "Worker Daemon Execution Thread 5" [_thread_blocked, id=5608, stack(0x54200000,0x54250000)]
  0x530be400 JavaThread "Worker Daemon Execution Thread 4" [_thread_blocked, id=3168, stack(0x589e0000,0x58a30000)]
  0x530bc800 JavaThread "Worker Daemon Execution Thread 3" [_thread_blocked, id=5896, stack(0x58a70000,0x58ac0000)]
  0x530bdc00 JavaThread "Worker Daemon Execution Thread 2" [_thread_blocked, id=768, stack(0x58ac0000,0x58b10000)]
  0x530bd400 JavaThread "Worker Daemon Execution" [_thread_blocked, id=5996, stack(0x58950000,0x589a0000)]
  0x530bd000 JavaThread "Cache worker for task history cache (I:\AndroidStudioApp\CheckInternetConnection\.gradle\4.1\taskHistory)" [_thread_blocked, id=5720, stack(0x564c0000,0x56510000)]
  0x530bb800 JavaThread "build operations" [_thread_blocked, id=248, stack(0x111a0000,0x111f0000)]
  0x530bc400 JavaThread "Cache worker for Artifact transforms cache (D:\Android\.gradle\caches\transforms-1)" [_thread_blocked, id=3372, stack(0x56050000,0x560a0000)]
  0x530ba800 JavaThread "Cache worker for file hash cache (I:\AndroidStudioApp\CheckInternetConnection\.gradle\4.1\fileHashes)" [_thread_blocked, id=2652, stack(0x53e30000,0x53e80000)]
  0x530bb000 JavaThread "Stdin handler" [_thread_blocked, id=5392, stack(0x583e0000,0x58430000)]
  0x530b9c00 JavaThread "Asynchronous log dispatcher for DefaultDaemonConnection: socket connection from /127.0.0.1:3007 to /127.0.0.1:3038" [_thread_blocked, id=3736, stack(0x54880000,0x548d0000)]
  0x530b8c00 JavaThread "Cancel handler" [_thread_blocked, id=4152, stack(0x53e80000,0x53ed0000)]
  0x530b7c00 JavaThread "Handler for socket connection from /127.0.0.1:3007 to /127.0.0.1:3038" [_thread_in_native, id=4576, stack(0x11150000,0x111a0000)]
=>0x530ba400 JavaThread "Daemon worker Thread 2" [_thread_in_native, id=4324, stack(0x51b80000,0x51bd0000)]
  0x530b7000 JavaThread "Daemon Thread 2" [_thread_blocked, id=4532, stack(0x53c90000,0x53ce0000)]
  0x530b9800 JavaThread "Memory manager" [_thread_blocked, id=1012, stack(0x56550000,0x565a0000)]
  0x52bbd400 JavaThread "File lock request listener" [_thread_in_native, id=6128, stack(0x542f0000,0x54340000)]
  0x52b8f000 JavaThread "Cache worker for file hash cache (D:\Android\.gradle\caches\4.1\fileHashes)" [_thread_blocked, id=3356, stack(0x54250000,0x542a0000)]
  0x51fe1c00 JavaThread "Daemon periodic checks" [_thread_blocked, id=5068, stack(0x53ce0000,0x53d30000)]
  0x519e2400 JavaThread "Incoming local TCP Connector on port 3007" [_thread_in_native, id=5264, stack(0x53c40000,0x53c90000)]
  0x5190cc00 JavaThread "Service Thread" daemon [_thread_blocked, id=2152, stack(0x11060000,0x110b0000)]
  0x518c1400 JavaThread "C1 CompilerThread1" daemon [_thread_blocked, id=3468, stack(0x51be0000,0x51c30000)]
  0x518b8800 JavaThread "C2 CompilerThread0" daemon [_thread_blocked, id=4432, stack(0x51ae0000,0x51b30000)]
  0x518b1800 JavaThread "Attach Listener" daemon [_thread_blocked, id=5024, stack(0x51b30000,0x51b80000)]
  0x518b0800 JavaThread "Signal Dispatcher" daemon [_thread_blocked, id=4552, stack(0x51a90000,0x51ae0000)]
  0x518a1400 JavaThread "Finalizer" daemon [_thread_blocked, id=2556, stack(0x00510000,0x00560000)]
  0x5187bc00 JavaThread "Reference Handler" daemon [_thread_blocked, id=3324, stack(0x11100000,0x11150000)]
  0x00a95000 JavaThread "main" [_thread_blocked, id=4484, stack(0x00a40000,0x00a90000)]

Other Threads:
  0x51871800 VMThread [stack: 0x009d0000,0x00a20000] [id=4788]
  0x5190e000 WatcherThread [stack: 0x51c30000,0x51c80000] [id=5516]

VM state:not at safepoint (normal execution)

VM Mutex/Monitor currently owned by a thread: None

Heap:
 def new generation   total 32128K, used 20147K [0x11200000, 0x134d0000, 0x26750000)
  eden space 28608K,  58% used [0x11200000, 0x1223cd40, 0x12df0000)
  from space 3520K, 100% used [0x13160000, 0x134d0000, 0x134d0000)
  to   space 3520K,   0% used [0x12df0000, 0x12df0000, 0x13160000)
 tenured generation   total 71080K, used 60177K [0x26750000, 0x2acba000, 0x51200000)
   the space 71080K,  84% used [0x26750000, 0x2a214490, 0x2a214600, 0x2acba000)
 Metaspace       used 45128K, capacity 46624K, committed 46720K, reserved 47488K

Card table byte_map: [0x51200000,0x51410000] byte_map_base: 0x51177000

Polling page: 0x00140000

CodeCache: size=245760Kb used=29497Kb max_used=29509Kb free=216262Kb
 bounds [0x01c80000, 0x03970000, 0x10c80000]
 total_blobs=10603 nmethods=10123 adapters=402
 compilation: enabled

Compilation events (10 events):
Event: 324.870 Thread 0x518b8800 12004       4       sun.nio.cs.UTF_8$Encoder::encodeArrayLoop (489 bytes)
Event: 324.892 Thread 0x518b8800 nmethod 12004 0x0395ccc8 code [0x0395ce60, 0x0395d800]
Event: 324.894 Thread 0x518c1400 12005 %     3       sun.nio.cs.UTF_8$Encoder::encodeArrayLoop @ 109 (489 bytes)
Event: 324.900 Thread 0x518c1400 nmethod 12005% 0x0395e3c8 code [0x0395e900, 0x03961814]
Event: 324.901 Thread 0x518c1400 12006       3       sun.nio.cs.UTF_8$Encoder::encodeArrayLoop (489 bytes)
Event: 324.906 Thread 0x518c1400 nmethod 12006 0x03964248 code [0x03964760, 0x03967234]
Event: 324.907 Thread 0x518b8800 12007       4       sun.nio.cs.UTF_8$Encoder::encodeArrayLoop (489 bytes)
Event: 324.930 Thread 0x518b8800 nmethod 12007 0x03969788 code [0x03969900, 0x0396a3b8]
Event: 324.961 Thread 0x518c1400 12008       1       com.google.common.cache.LocalCache$2::peek (2 bytes)
Event: 324.961 Thread 0x518c1400 nmethod 12008 0x02e74548 code [0x02e74640, 0x02e746e0]

GC Heap History (10 events):
Event: 301.549 GC heap before
{Heap before GC invocations=89 (full 4):
 def new generation   total 32128K, used 30975K [0x11200000, 0x134d0000, 0x26750000)
  eden space 28608K, 100% used [0x11200000, 0x12df0000, 0x12df0000)
  from space 3520K,  67% used [0x12df0000, 0x1303ff40, 0x13160000)
  to   space 3520K,   0% used [0x13160000, 0x13160000, 0x134d0000)
 tenured generation   total 71080K, used 51558K [0x26750000, 0x2acba000, 0x51200000)
   the space 71080K,  72% used [0x26750000, 0x299a9b10, 0x299a9c00, 0x2acba000)
 Metaspace       used 43925K, capacity 45403K, committed 45440K, reserved 45440K
Event: 301.570 GC heap after
Heap after GC invocations=90 (full 4):
 def new generation   total 32128K, used 1346K [0x11200000, 0x134d0000, 0x26750000)
  eden space 28608K,   0% used [0x11200000, 0x11200000, 0x12df0000)
  from space 3520K,  38% used [0x13160000, 0x132b0a38, 0x134d0000)
  to   space 3520K,   0% used [0x12df0000, 0x12df0000, 0x13160000)
 tenured generation   total 71080K, used 53292K [0x26750000, 0x2acba000, 0x51200000)
   the space 71080K,  74% used [0x26750000, 0x29b5b2a0, 0x29b5b400, 0x2acba000)
 Metaspace       used 43925K, capacity 45403K, committed 45440K, reserved 45440K
}
Event: 302.279 GC heap before
{Heap before GC invocations=90 (full 4):
 def new generation   total 32128K, used 29954K [0x11200000, 0x134d0000, 0x26750000)
  eden space 28608K, 100% used [0x11200000, 0x12df0000, 0x12df0000)
  from space 3520K,  38% used [0x13160000, 0x132b0a38, 0x134d0000)
  to   space 3520K,   0% used [0x12df0000, 0x12df0000, 0x13160000)
 tenured generation   total 71080K, used 53292K [0x26750000, 0x2acba000, 0x51200000)
   the space 71080K,  74% used [0x26750000, 0x29b5b2a0, 0x29b5b400, 0x2acba000)
 Metaspace       used 43949K, capacity 45448K, committed 45568K, reserved 46464K
Event: 302.293 GC heap after
Heap after GC invocations=91 (full 4):
 def new generation   total 32128K, used 1927K [0x11200000, 0x134d0000, 0x26750000)
  eden space 28608K,   0% used [0x11200000, 0x11200000, 0x12df0000)
  from space 3520K,  54% used [0x12df0000, 0x12fd1ec0, 0x13160000)
  to   space 3520K,   0% used [0x13160000, 0x13160000, 0x134d0000)
 tenured generation   total 71080K, used 53292K [0x26750000, 0x2acba000, 0x51200000)
   the space 71080K,  74% used [0x26750000, 0x29b5b2a0, 0x29b5b400, 0x2acba000)
 Metaspace       used 43949K, capacity 45448K, committed 45568K, reserved 46464K
}
Event: 306.306 GC heap before
{Heap before GC invocations=91 (full 4):
 def new generation   total 32128K, used 30535K [0x11200000, 0x134d0000, 0x26750000)
  eden space 28608K, 100% used [0x11200000, 0x12df0000, 0x12df0000)
  from space 3520K,  54% used [0x12df0000, 0x12fd1ec0, 0x13160000)
  to   space 3520K,   0% used [0x13160000, 0x13160000, 0x134d0000)
 tenured generation   total 71080K, used 53292K [0x26750000, 0x2acba000, 0x51200000)
   the space 71080K,  74% used [0x26750000, 0x29b5b2a0, 0x29b5b400, 0x2acba000)
 Metaspace       used 44014K, capacity 45507K, committed 45568K, reserved 46464K
Event: 306.332 GC heap after
Heap after GC invocations=92 (full 4):
 def new generation   total 32128K, used 2571K [0x11200000, 0x134d0000, 0x26750000)
  eden space 28608K,   0% used [0x11200000, 0x11200000, 0x12df0000)
  from space 3520K,  73% used [0x13160000, 0x133e2f20, 0x134d0000)
  to   space 3520K,   0% used [0x12df0000, 0x12df0000, 0x13160000)
 tenured generation   total 71080K, used 54494K [0x26750000, 0x2acba000, 0x51200000)
   the space 71080K,  76% used [0x26750000, 0x29c878e8, 0x29c87a00, 0x2acba000)
 Metaspace       used 44014K, capacity 45507K, committed 45568K, reserved 46464K
}
Event: 321.470 GC heap before
{Heap before GC invocations=92 (full 4):
 def new generation   total 32128K, used 31179K [0x11200000, 0x134d0000, 0x26750000)
  eden space 28608K, 100% used [0x11200000, 0x12df0000, 0x12df0000)
  from space 3520K,  73% used [0x13160000, 0x133e2f20, 0x134d0000)
  to   space 3520K,   0% used [0x12df0000, 0x12df0000, 0x13160000)
 tenured generation   total 71080K, used 54494K [0x26750000, 0x2acba000, 0x51200000)
   the space 71080K,  76% used [0x26750000, 0x29c878e8, 0x29c87a00, 0x2acba000)
 Metaspace       used 44543K, capacity 46069K, committed 46080K, reserved 46464K
Event: 321.498 GC heap after
Heap after GC invocations=93 (full 4):
 def new generation   total 32128K, used 1969K [0x11200000, 0x134d0000, 0x26750000)
  eden space 28608K,   0% used [0x11200000, 0x11200000, 0x12df0000)
  from space 3520K,  55% used [0x12df0000, 0x12fdc598, 0x13160000)
  to   space 3520K,   0% used [0x13160000, 0x13160000, 0x134d0000)
 tenured generation   total 71080K, used 57017K [0x26750000, 0x2acba000, 0x51200000)
   the space 71080K,  80% used [0x26750000, 0x29efe5c8, 0x29efe600, 0x2acba000)
 Metaspace       used 44543K, capacity 46069K, committed 46080K, reserved 46464K
}
Event: 323.823 GC heap before
{Heap before GC invocations=93 (full 4):
 def new generation   total 32128K, used 30577K [0x11200000, 0x134d0000, 0x26750000)
  eden space 28608K, 100% used [0x11200000, 0x12df0000, 0x12df0000)
  from space 3520K,  55% used [0x12df0000, 0x12fdc598, 0x13160000)
  to   space 3520K,   0% used [0x13160000, 0x13160000, 0x134d0000)
 tenured generation   total 71080K, used 57017K [0x26750000, 0x2acba000, 0x51200000)
   the space 71080K,  80% used [0x26750000, 0x29efe5c8, 0x29efe600, 0x2acba000)
 Metaspace       used 44746K, capacity 46237K, committed 46336K, reserved 46464K
Event: 323.869 GC heap after
Heap after GC invocations=94 (full 4):
 def new generation   total 32128K, used 3520K [0x11200000, 0x134d0000, 0x26750000)
  eden space 28608K,   0% used [0x11200000, 0x11200000, 0x12df0000)
  from space 3520K, 100% used [0x13160000, 0x134d0000, 0x134d0000)
  to   space 3520K,   0% used [0x12df0000, 0x12df0000, 0x13160000)
 tenured generation   total 71080K, used 60177K [0x26750000, 0x2acba000, 0x51200000)
   the space 71080K,  84% used [0x26750000, 0x2a214490, 0x2a214600, 0x2acba000)
 Metaspace       used 44746K, capacity 46237K, committed 46336K, reserved 46464K
}

Deoptimization events (10 events):
Event: 323.793 Thread 0x530ba400 Uncommon trap: reason=unstable_if action=reinterpret pc=0x030e5d5c method=java.io.ObjectStreamClass.writeNonProxy(Ljava/io/ObjectOutputStream;)V @ 77
Event: 323.922 Thread 0x530ba400 Uncommon trap: reason=unstable_if action=reinterpret pc=0x036b1eac method=java.io.WinNTFileSystem.prefixLength(Ljava/lang/String;)I @ 11
Event: 324.432 Thread 0x55226800 Uncommon trap: reason=class_check action=maybe_recompile pc=0x02a1c414 method=java.lang.AbstractStringBuilder.append(Ljava/lang/CharSequence;)Ljava/lang/AbstractStringBuilder; @ 26
Event: 324.432 Thread 0x55226800 Uncommon trap: reason=class_check action=maybe_recompile pc=0x0269617c method=java.lang.AbstractStringBuilder.append(Ljava/lang/CharSequence;II)Ljava/lang/AbstractStringBuilder; @ 18
Event: 324.434 Thread 0x55226800 Uncommon trap: reason=class_check action=maybe_recompile pc=0x02a1c414 method=java.lang.AbstractStringBuilder.append(Ljava/lang/CharSequence;)Ljava/lang/AbstractStringBuilder; @ 26
Event: 324.434 Thread 0x55226800 Uncommon trap: reason=class_check action=maybe_recompile pc=0x0269617c method=java.lang.AbstractStringBuilder.append(Ljava/lang/CharSequence;II)Ljava/lang/AbstractStringBuilder; @ 18
Event: 324.437 Thread 0x530ba400 Uncommon trap: reason=null_check action=make_not_entrant pc=0x027a48c0 method=com.android.ide.common.res2.NodeUtils.processSingleNodeNamespace(Lorg/w3c/dom/Node;Lorg/w3c/dom/Document;)Z @ 8
Event: 324.587 Thread 0x55226800 Uncommon trap: reason=unstable_if action=reinterpret pc=0x02df978c method=com.sun.org.apache.xerces.internal.impl.XMLEntityScanner.scanLiteral(ILcom/sun/org/apache/xerces/internal/xni/XMLString;Z)I @ 44
Event: 324.717 Thread 0x530ba400 Uncommon trap: reason=unstable_if action=reinterpret pc=0x0393eb1c method=java.io.File.equals(Ljava/lang/Object;)Z @ 1
Event: 324.894 Thread 0x530ba400 Uncommon trap: reason=unstable_if action=reinterpret pc=0x0395d54c method=sun.nio.cs.UTF_8$Encoder.encodeArrayLoop(Ljava/nio/CharBuffer;Ljava/nio/ByteBuffer;)Ljava/nio/charset/CoderResult; @ 87

Classes redefined (0 events):
No events

Internal exceptions (10 events):
Event: 323.797 Thread 0x530ba400 Exception <a 'java/lang/NoSuchMethodError': <clinit>> (0x12d55010) thrown at [D:\src\AOSP-openjdk-cygwin\jdk8u\hotspot\src\share\vm\prims\jni.cpp, line 1613]
Event: 323.801 Thread 0x530ba400 Exception <a 'java/lang/NoSuchMethodError': <clinit>> (0x12d7b008) thrown at [D:\src\AOSP-openjdk-cygwin\jdk8u\hotspot\src\share\vm\prims\jni.cpp, line 1613]
Event: 323.802 Thread 0x530ba400 Exception <a 'java/lang/NoSuchMethodError': <clinit>> (0x12d82d10) thrown at [D:\src\AOSP-openjdk-cygwin\jdk8u\hotspot\src\share\vm\prims\jni.cpp, line 1613]
Event: 323.802 Thread 0x530ba400 Exception <a 'java/lang/NoSuchMethodError': <clinit>> (0x12d86058) thrown at [D:\src\AOSP-openjdk-cygwin\jdk8u\hotspot\src\share\vm\prims\jni.cpp, line 1613]
Event: 323.804 Thread 0x530ba400 Exception <a 'java/lang/NoSuchMethodError': <clinit>> (0x12d9cab0) thrown at [D:\src\AOSP-openjdk-cygwin\jdk8u\hotspot\src\share\vm\prims\jni.cpp, line 1613]
Event: 323.806 Thread 0x530ba400 Exception <a 'java/lang/NoSuchMethodError': <clinit>> (0x12db9f08) thrown at [D:\src\AOSP-openjdk-cygwin\jdk8u\hotspot\src\share\vm\prims\jni.cpp, line 1613]
Event: 323.807 Thread 0x530ba400 Exception <a 'java/lang/NoSuchMethodError': <clinit>> (0x12dbcd88) thrown at [D:\src\AOSP-openjdk-cygwin\jdk8u\hotspot\src\share\vm\prims\jni.cpp, line 1613]
Event: 323.810 Thread 0x530ba400 Exception <a 'java/lang/NoSuchMethodError': <clinit>> (0x12dcdce8) thrown at [D:\src\AOSP-openjdk-cygwin\jdk8u\hotspot\src\share\vm\prims\jni.cpp, line 1613]
Event: 324.437 Thread 0x530ba400 Implicit null exception at 0x027a47e8 to 0x027a48b0
Event: 324.717 Thread 0x530ba400 Implicit null exception at 0x0393e5d9 to 0x0393eb0d

Events (10 events):
Event: 325.097 loading class sun/java2d/cmm/ProfileDeferralInfo done
Event: 325.097 loading class sun/java2d/cmm/ProfileDeferralMgr
Event: 325.097 loading class sun/java2d/cmm/ProfileDeferralMgr done
Event: 325.097 loading class java/awt/color/ICC_ProfileRGB
Event: 325.098 loading class java/awt/color/ICC_ProfileRGB done
Event: 325.098 loading class java/awt/color/ICC_Profile$1
Event: 325.098 loading class sun/java2d/cmm/ProfileActivator
Event: 325.098 loading class sun/java2d/cmm/ProfileActivator done
Event: 325.098 loading class java/awt/color/ICC_Profile$1 done
Event: 325.098 loading class java/awt/color/ICC_ColorSpace


Dynamic libraries:
0x01050000 - 0x0107d000 	H:\Android Studio Preview.3.0.Beta6\android-studio\jre\bin\java.exe
0x77c60000 - 0x77d9c000 	C:\Windows\SYSTEM32\ntdll.dll
0x76920000 - 0x769f4000 	C:\Windows\system32\kernel32.dll
0x75ea0000 - 0x75eea000 	C:\Windows\system32\KERNELBASE.dll
0x77da0000 - 0x77e40000 	C:\Windows\system32\ADVAPI32.dll
0x76a10000 - 0x76abc000 	C:\Windows\system32\msvcrt.dll
0x765c0000 - 0x765d9000 	C:\Windows\SYSTEM32\sechost.dll
0x76290000 - 0x76331000 	C:\Windows\system32\RPCRT4.dll
0x77b90000 - 0x77c59000 	C:\Windows\system32\USER32.dll
0x77940000 - 0x7798e000 	C:\Windows\system32\GDI32.dll
0x76170000 - 0x7617a000 	C:\Windows\system32\LPK.dll
0x76c50000 - 0x76ced000 	C:\Windows\system32\USP10.dll
0x74e50000 - 0x74fee000 	C:\Windows\WinSxS\x86_microsoft.windows.common-controls_6595b64144ccf1df_6.0.7601.17514_none_41e6975e2bd6f2b2\COMCTL32.dll
0x76bf0000 - 0x76c47000 	C:\Windows\system32\SHLWAPI.dll
0x76150000 - 0x7616f000 	C:\Windows\system32\IMM32.DLL
0x76340000 - 0x7640c000 	C:\Windows\system32\MSCTF.dll
0x67790000 - 0x6784f000 	H:\Android Studio Preview.3.0.Beta6\android-studio\jre\jre\bin\msvcr100.dll
0x5cd70000 - 0x5d351000 	H:\Android Studio Preview.3.0.Beta6\android-studio\jre\jre\bin\server\jvm.dll
0x74010000 - 0x74017000 	C:\Windows\system32\WSOCK32.dll
0x77b50000 - 0x77b85000 	C:\Windows\system32\WS2_32.dll
0x76410000 - 0x76416000 	C:\Windows\system32\NSI.dll
0x71f60000 - 0x71f92000 	C:\Windows\system32\WINMM.dll
0x752b0000 - 0x752b9000 	C:\Windows\system32\VERSION.dll
0x76be0000 - 0x76be5000 	C:\Windows\system32\PSAPI.DLL
0x6f3c0000 - 0x6f3cc000 	H:\Android Studio Preview.3.0.Beta6\android-studio\jre\jre\bin\verify.dll
0x6ce40000 - 0x6ce62000 	H:\Android Studio Preview.3.0.Beta6\android-studio\jre\jre\bin\java.dll
0x6ed20000 - 0x6ed33000 	H:\Android Studio Preview.3.0.Beta6\android-studio\jre\jre\bin\zip.dll
0x76cf0000 - 0x7793a000 	C:\Windows\system32\SHELL32.dll
0x766a0000 - 0x767fc000 	C:\Windows\system32\ole32.dll
0x75df0000 - 0x75dfb000 	C:\Windows\system32\profapi.dll
0x6d830000 - 0x6d845000 	H:\Android Studio Preview.3.0.Beta6\android-studio\jre\jre\bin\net.dll
0x75850000 - 0x7588c000 	C:\Windows\system32\mswsock.dll
0x75840000 - 0x75846000 	C:\Windows\System32\wship6.dll
0x6daa0000 - 0x6daaf000 	H:\Android Studio Preview.3.0.Beta6\android-studio\jre\jre\bin\nio.dll
0x6a5c0000 - 0x6a5d9000 	D:\Android\.gradle\native\25\windows-i386\native-platform.dll
0x73580000 - 0x7358a000 	H:\Android Studio Preview.3.0.Beta6\android-studio\jre\jre\bin\management.dll
0x75890000 - 0x758a6000 	C:\Windows\system32\CRYPTSP.dll
0x75630000 - 0x7566b000 	C:\Windows\system32\rsaenh.dll
0x75450000 - 0x75467000 	C:\Windows\system32\USERENV.dll
0x75d40000 - 0x75d4c000 	C:\Windows\system32\CRYPTBASE.dll
0x73fe0000 - 0x73ffc000 	C:\Windows\system32\IPHLPAPI.DLL
0x73fd0000 - 0x73fd7000 	C:\Windows\system32\WINNSI.DLL
0x71420000 - 0x7142d000 	C:\Windows\system32\dhcpcsvc6.DLL
0x711c0000 - 0x711d2000 	C:\Windows\system32\dhcpcsvc.DLL
0x75cf0000 - 0x75d3c000 	C:\Windows\system32\apphelp.dll
0x64b40000 - 0x64b58000 	D:\Temp\aapt2_3943304749592036741\libwinpthread-1.dll
0x63940000 - 0x63c05000 	D:\Temp\aapt2_3943304749592036741\libaapt2_jni.dll
0x66d30000 - 0x66e73000 	H:\Android Studio Preview.3.0.Beta6\android-studio\jre\jre\bin\awt.dll
0x76200000 - 0x7628f000 	C:\Windows\system32\OLEAUT32.dll
0x66bb0000 - 0x66c6a000 	C:\Windows\system32\d2d1.dll
0x714b0000 - 0x7159b000 	C:\Windows\system32\dbghelp.dll

VM Arguments:
jvm_args: -Xmx1024m -Dfile.encoding=windows-1256 -Duser.country=US -Duser.language=en -Duser.variant 
java_command: org.gradle.launcher.daemon.bootstrap.GradleDaemon 4.1
java_class_path (initial): D:\Android\.gradle\wrapper\dists\gradle-4.1-all\bzyivzo6n839fup2jbap0tjew\gradle-4.1\lib\gradle-launcher-4.1.jar
Launcher Type: SUN_STANDARD

Environment Variables:
PATH=F:\Program Files\ActiveState Komodo IDE 11;C:\ProgramData\Oracle\Java\javapath;C:\Windows\system32;C:\Windows;C:\Windows\System32\Wbem;C:\Windows\System32\WindowsPowerShell\v1.0;D:\Program Files\Git\cmd;D:\Program Files\Universal Extractor;D:\Program Files\Universal Extractor\bin;
USERNAME=Mojtaba
OS=Windows_NT
PROCESSOR_IDENTIFIER=x86 Family 15 Model 79 Stepping 2, AuthenticAMD



---------------  S Y S T E M  ---------------

OS: Windows 7 Build 7601 (6.1.7601.17651)

CPU:total 1 (initial active 1) (1 cores per cpu, 1 threads per core) family 15 model 79 stepping 2, cmov, cx8, fxsr, mmx, sse, sse2, sse3, mmxext, 3dnowpref, tsc

Memory: 4k page, physical 2096440k(339296k free), swap 4192880k(1796696k free)

vm_info: OpenJDK Server VM (25.152-b01) for windows-x86 JRE (1.8.0_152-release-915-b01), built by "builder" with MS VC++ 10.0 (VS2010)

time: Tue Aug 14 13:06:17 2018
elapsed time: 325 seconds (0d 0h 5m 25s)

